<?xml version="1.0" encoding="UTF-8"?>
<!-- Generated by org.testng.reporters.JUnitXMLReporter -->
<testsuite ignored="1" hostname="Dhruvil" failures="1" tests="1" name="tutorialsninja-sw-5-" time="6.126" errors="0" timestamp="2023-12-12T22:51:41 GMT">
  <testcase classname="com.tutorialsninjademo.testsuite.DesktopsTest" name="verifyProductArrangeInAlphabeticalOrder" time="2.032">
    <failure type="java.lang.ClassCastException" message="class jdk.proxy2.$Proxy16 cannot be cast to class org.openqa.selenium.By (jdk.proxy2.$Proxy16 is in module jdk.proxy2 of loader &amp;apos;app&amp;apos;; org.openqa.selenium.By is in unnamed module of loader &amp;apos;app&amp;apos;)">
      <![CDATA[java.lang.ClassCastException: class jdk.proxy2.$Proxy16 cannot be cast to class org.openqa.selenium.By (jdk.proxy2.$Proxy16 is in module jdk.proxy2 of loader 'app'; org.openqa.selenium.By is in unnamed module of loader 'app')
at com.tutorialsninjademo.pages.HomePage.mouseHoverAndClickOnDesktop(HomePage.java:102)
at com.tutorialsninjademo.testsuite.DesktopsTest.verifyProductArrangeInAlphabeticalOrder(DesktopsTest.java:33)
at java.base/java.util.ArrayList.forEach(ArrayList.java:1511)
at com.intellij.rt.testng.IDEARemoteTestNG.run(IDEARemoteTestNG.java:66)
at com.intellij.rt.testng.RemoteTestNGStarter.main(RemoteTestNGStarter.java:105)
... Removed 24 stack frames]]>
    </failure>
  </testcase> <!-- verifyProductArrangeInAlphabeticalOrder -->
  <testcase classname="com.tutorialsninjademo.testsuite.DesktopsTest" name="verifyProductAddedToShoppingCartSuccessFully" time="0.0">
    <ignored/>
  </testcase> <!-- verifyProductAddedToShoppingCartSuccessFully -->
</testsuite> <!-- tutorialsninja-sw-5- -->
