<?xml version="1.0" encoding="UTF-8"?>
<testng-results ignored="0" total="1" passed="0" failed="1" skipped="0">
  <reporter-output>
    <line>
      <![CDATA[Hovering and Clicking on desktop [[ChromeDriver: chrome on windows (240525258a023497886fe191ee566987)] -> link text: Desktops]]]>
    </line>
  </reporter-output>
  <suite started-at="2023-12-12T22:51:35 GMT" name="Default Suite" finished-at="2023-12-12T22:51:41 GMT" duration-ms="6126">
    <groups>
      <group name="regression">
        <method signature="DesktopsTest.verifyProductArrangeInAlphabeticalOrder()[pri:0, instance:com.tutorialsninjademo.testsuite.DesktopsTest@11a9e7c8]" name="verifyProductArrangeInAlphabeticalOrder" class="com.tutorialsninjademo.testsuite.DesktopsTest"/>
      </group> <!-- regression -->
      <group name="sanity">
        <method signature="DesktopsTest.verifyProductArrangeInAlphabeticalOrder()[pri:0, instance:com.tutorialsninjademo.testsuite.DesktopsTest@11a9e7c8]" name="verifyProductArrangeInAlphabeticalOrder" class="com.tutorialsninjademo.testsuite.DesktopsTest"/>
      </group> <!-- sanity -->
    </groups>
    <test started-at="2023-12-12T22:51:35 GMT" name="tutorialsninja-sw-5-" finished-at="2023-12-12T22:51:41 GMT" duration-ms="6126">
      <class name="com.tutorialsninjademo.testsuite.DesktopsTest">
        <test-method is-config="true" signature="setUp()[pri:0, instance:com.tutorialsninjademo.testsuite.DesktopsTest@11a9e7c8]" started-at="2023-12-12T22:51:35 GMT" name="setUp" finished-at="2023-12-12T22:51:38 GMT" duration-ms="3517" status="PASS">
          <reporter-output>
          </reporter-output>
        </test-method> <!-- setUp -->
        <test-method is-config="true" signature="inIt()[pri:0, instance:com.tutorialsninjademo.testsuite.DesktopsTest@11a9e7c8]" started-at="2023-12-12T22:51:38 GMT" name="inIt" finished-at="2023-12-12T22:51:39 GMT" duration-ms="19" status="PASS">
          <reporter-output>
          </reporter-output>
        </test-method> <!-- inIt -->
        <test-method signature="verifyProductArrangeInAlphabeticalOrder()[pri:0, instance:com.tutorialsninjademo.testsuite.DesktopsTest@11a9e7c8]" started-at="2023-12-12T22:51:39 GMT" name="verifyProductArrangeInAlphabeticalOrder" finished-at="2023-12-12T22:51:41 GMT" duration-ms="2032" status="FAIL">
          <exception class="java.lang.ClassCastException">
            <message>
              <![CDATA[class jdk.proxy2.$Proxy16 cannot be cast to class org.openqa.selenium.By (jdk.proxy2.$Proxy16 is in module jdk.proxy2 of loader 'app'; org.openqa.selenium.By is in unnamed module of loader 'app')]]>
            </message>
            <full-stacktrace>
              <![CDATA[java.lang.ClassCastException: class jdk.proxy2.$Proxy16 cannot be cast to class org.openqa.selenium.By (jdk.proxy2.$Proxy16 is in module jdk.proxy2 of loader 'app'; org.openqa.selenium.By is in unnamed module of loader 'app')
at com.tutorialsninjademo.pages.HomePage.mouseHoverAndClickOnDesktop(HomePage.java:102)
at com.tutorialsninjademo.testsuite.DesktopsTest.verifyProductArrangeInAlphabeticalOrder(DesktopsTest.java:33)
at java.base/jdk.internal.reflect.NativeMethodAccessorImpl.invoke0(Native Method)
at java.base/jdk.internal.reflect.NativeMethodAccessorImpl.invoke(NativeMethodAccessorImpl.java:77)
at java.base/jdk.internal.reflect.DelegatingMethodAccessorImpl.invoke(DelegatingMethodAccessorImpl.java:43)
at java.base/java.lang.reflect.Method.invoke(Method.java:568)
at org.testng.internal.invokers.MethodInvocationHelper.invokeMethod(MethodInvocationHelper.java:139)
at org.testng.internal.invokers.TestInvoker.invokeMethod(TestInvoker.java:664)
at org.testng.internal.invokers.TestInvoker.invokeTestMethod(TestInvoker.java:227)
at org.testng.internal.invokers.MethodRunner.runInSequence(MethodRunner.java:50)
at org.testng.internal.invokers.TestInvoker$MethodInvocationAgent.invoke(TestInvoker.java:957)
at org.testng.internal.invokers.TestInvoker.invokeTestMethods(TestInvoker.java:200)
at org.testng.internal.invokers.TestMethodWorker.invokeTestMethods(TestMethodWorker.java:148)
at org.testng.internal.invokers.TestMethodWorker.run(TestMethodWorker.java:128)
at java.base/java.util.ArrayList.forEach(ArrayList.java:1511)
at org.testng.TestRunner.privateRun(TestRunner.java:848)
at org.testng.TestRunner.run(TestRunner.java:621)
at org.testng.SuiteRunner.runTest(SuiteRunner.java:443)
at org.testng.SuiteRunner.runSequentially(SuiteRunner.java:437)
at org.testng.SuiteRunner.privateRun(SuiteRunner.java:397)
at org.testng.SuiteRunner.run(SuiteRunner.java:336)
at org.testng.SuiteRunnerWorker.runSuite(SuiteRunnerWorker.java:52)
at org.testng.SuiteRunnerWorker.run(SuiteRunnerWorker.java:95)
at org.testng.TestNG.runSuitesSequentially(TestNG.java:1280)
at org.testng.TestNG.runSuitesLocally(TestNG.java:1200)
at org.testng.TestNG.runSuites(TestNG.java:1114)
at org.testng.TestNG.run(TestNG.java:1082)
at com.intellij.rt.testng.IDEARemoteTestNG.run(IDEARemoteTestNG.java:66)
at com.intellij.rt.testng.RemoteTestNGStarter.main(RemoteTestNGStarter.java:105)
]]>
            </full-stacktrace>
          </exception> <!-- java.lang.ClassCastException -->
          <reporter-output>
            <line>
              <![CDATA[Hovering and Clicking on desktop [[ChromeDriver: chrome on windows (240525258a023497886fe191ee566987)] -> link text: Desktops]]]>
            </line>
          </reporter-output>
        </test-method> <!-- verifyProductArrangeInAlphabeticalOrder -->
        <test-method is-config="true" signature="tearDown()[pri:0, instance:com.tutorialsninjademo.testsuite.DesktopsTest@11a9e7c8]" started-at="2023-12-12T22:51:41 GMT" name="tearDown" finished-at="2023-12-12T22:51:41 GMT" duration-ms="126" status="PASS">
          <reporter-output>
          </reporter-output>
        </test-method> <!-- tearDown -->
      </class> <!-- com.tutorialsninjademo.testsuite.DesktopsTest -->
    </test> <!-- tutorialsninja-sw-5- -->
  </suite> <!-- Default Suite -->
</testng-results>
